2018-11-20 09:10:25,745 ERROR: Exception on /search/cust [POST] [in /home/scfan/env/lib/python2.7/site-packages/flask/app.py:1423]
Traceback (most recent call last):
  File "/home/scfan/env/lib/python2.7/site-packages/flask/app.py", line 1817, in wsgi_app
    response = self.full_dispatch_request()
  File "/home/scfan/env/lib/python2.7/site-packages/flask/app.py", line 1477, in full_dispatch_request
    rv = self.handle_user_exception(e)
  File "/home/scfan/env/lib/python2.7/site-packages/flask/app.py", line 1381, in handle_user_exception
    reraise(exc_type, exc_value, tb)
  File "/home/scfan/env/lib/python2.7/site-packages/flask/app.py", line 1475, in full_dispatch_request
    rv = self.dispatch_request()
  File "/home/scfan/env/lib/python2.7/site-packages/flask/app.py", line 1461, in dispatch_request
    return self.view_functions[rule.endpoint](**req.view_args)
  File "/home/scfan/pro/server/fdm/views/__init__.py", line 107, in wrapper
    rv = f(*args, **kwargs)
  File "/home/scfan/pro/server/fdm/views/search.py", line 38, in query_cust
    return searchService.query_cust(**request.json)
  File "/home/scfan/pro/server/fdm/services/search.py", line 317, in query_cust
    es_result=es_tools.es_where('CUSTINFO', query)
  File "/home/scfan/pro/server/fdm/tools/es_tools.py", line 266, in es_where
    return es_search(data_type, query)
  File "/home/scfan/pro/server/fdm/tools/es_tools.py", line 78, in es_search
    rst = _es.search(body=_query_conds, index=index, doc_type=doc_type, request_timeout=timeout)
  File "/home/scfan/env/lib/python2.7/site-packages/elasticsearch/client/utils.py", line 76, in _wrapped
    return func(*args, params=params, **kwargs)
  File "/home/scfan/env/lib/python2.7/site-packages/elasticsearch/client/__init__.py", line 636, in search
    doc_type, '_search'), params=params, body=body)
  File "/home/scfan/env/lib/python2.7/site-packages/elasticsearch/transport.py", line 330, in perform_request
    self.mark_dead(connection)
  File "/home/scfan/env/lib/python2.7/site-packages/elasticsearch/transport.py", line 256, in mark_dead
    self.sniff_hosts()
  File "/home/scfan/env/lib/python2.7/site-packages/elasticsearch/transport.py", line 235, in sniff_hosts
    node_info = self._get_sniff_data(initial)
  File "/home/scfan/env/lib/python2.7/site-packages/elasticsearch/transport.py", line 204, in _get_sniff_data
    raise TransportError("N/A", "Unable to sniff hosts.")
TransportError: TransportError(N/A, 'Unable to sniff hosts.')
2018-11-20 09:10:38,581 ERROR: Exception on /search/cust [POST] [in /home/scfan/env/lib/python2.7/site-packages/flask/app.py:1423]
Traceback (most recent call last):
  File "/home/scfan/env/lib/python2.7/site-packages/flask/app.py", line 1817, in wsgi_app
    response = self.full_dispatch_request()
  File "/home/scfan/env/lib/python2.7/site-packages/flask/app.py", line 1477, in full_dispatch_request
    rv = self.handle_user_exception(e)
  File "/home/scfan/env/lib/python2.7/site-packages/flask/app.py", line 1381, in handle_user_exception
    reraise(exc_type, exc_value, tb)
  File "/home/scfan/env/lib/python2.7/site-packages/flask/app.py", line 1475, in full_dispatch_request
    rv = self.dispatch_request()
  File "/home/scfan/env/lib/python2.7/site-packages/flask/app.py", line 1461, in dispatch_request
    return self.view_functions[rule.endpoint](**req.view_args)
  File "/home/scfan/pro/server/fdm/views/__init__.py", line 107, in wrapper
    rv = f(*args, **kwargs)
  File "/home/scfan/pro/server/fdm/views/search.py", line 38, in query_cust
    return searchService.query_cust(**request.json)
  File "/home/scfan/pro/server/fdm/services/search.py", line 317, in query_cust
    es_result=es_tools.es_where('CUSTINFO', query)
  File "/home/scfan/pro/server/fdm/tools/es_tools.py", line 266, in es_where
    return es_search(data_type, query)
  File "/home/scfan/pro/server/fdm/tools/es_tools.py", line 78, in es_search
    rst = _es.search(body=_query_conds, index=index, doc_type=doc_type, request_timeout=timeout)
  File "/home/scfan/env/lib/python2.7/site-packages/elasticsearch/client/utils.py", line 76, in _wrapped
    return func(*args, params=params, **kwargs)
  File "/home/scfan/env/lib/python2.7/site-packages/elasticsearch/client/__init__.py", line 636, in search
    doc_type, '_search'), params=params, body=body)
  File "/home/scfan/env/lib/python2.7/site-packages/elasticsearch/transport.py", line 330, in perform_request
    self.mark_dead(connection)
  File "/home/scfan/env/lib/python2.7/site-packages/elasticsearch/transport.py", line 256, in mark_dead
    self.sniff_hosts()
  File "/home/scfan/env/lib/python2.7/site-packages/elasticsearch/transport.py", line 235, in sniff_hosts
    node_info = self._get_sniff_data(initial)
  File "/home/scfan/env/lib/python2.7/site-packages/elasticsearch/transport.py", line 204, in _get_sniff_data
    raise TransportError("N/A", "Unable to sniff hosts.")
TransportError: TransportError(N/A, 'Unable to sniff hosts.')
2018-11-20 09:13:36,198 ERROR: Exception on /search/cust [POST] [in /home/scfan/env/lib/python2.7/site-packages/flask/app.py:1423]
Traceback (most recent call last):
  File "/home/scfan/env/lib/python2.7/site-packages/flask/app.py", line 1817, in wsgi_app
    response = self.full_dispatch_request()
  File "/home/scfan/env/lib/python2.7/site-packages/flask/app.py", line 1477, in full_dispatch_request
    rv = self.handle_user_exception(e)
  File "/home/scfan/env/lib/python2.7/site-packages/flask/app.py", line 1381, in handle_user_exception
    reraise(exc_type, exc_value, tb)
  File "/home/scfan/env/lib/python2.7/site-packages/flask/app.py", line 1475, in full_dispatch_request
    rv = self.dispatch_request()
  File "/home/scfan/env/lib/python2.7/site-packages/flask/app.py", line 1461, in dispatch_request
    return self.view_functions[rule.endpoint](**req.view_args)
  File "/home/scfan/pro/server/fdm/views/__init__.py", line 107, in wrapper
    rv = f(*args, **kwargs)
  File "/home/scfan/pro/server/fdm/views/search.py", line 38, in query_cust
    return searchService.query_cust(**request.json)
  File "/home/scfan/pro/server/fdm/services/search.py", line 317, in query_cust
    es_result=es_tools.es_where('CUSTINFO', query)
  File "/home/scfan/pro/server/fdm/tools/es_tools.py", line 266, in es_where
    return es_search(data_type, query)
  File "/home/scfan/pro/server/fdm/tools/es_tools.py", line 78, in es_search
    rst = _es.search(body=_query_conds, index=index, doc_type=doc_type, request_timeout=timeout)
  File "/home/scfan/env/lib/python2.7/site-packages/elasticsearch/client/utils.py", line 76, in _wrapped
    return func(*args, params=params, **kwargs)
  File "/home/scfan/env/lib/python2.7/site-packages/elasticsearch/client/__init__.py", line 636, in search
    doc_type, '_search'), params=params, body=body)
  File "/home/scfan/env/lib/python2.7/site-packages/elasticsearch/transport.py", line 330, in perform_request
    self.mark_dead(connection)
  File "/home/scfan/env/lib/python2.7/site-packages/elasticsearch/transport.py", line 256, in mark_dead
    self.sniff_hosts()
  File "/home/scfan/env/lib/python2.7/site-packages/elasticsearch/transport.py", line 235, in sniff_hosts
    node_info = self._get_sniff_data(initial)
  File "/home/scfan/env/lib/python2.7/site-packages/elasticsearch/transport.py", line 204, in _get_sniff_data
    raise TransportError("N/A", "Unable to sniff hosts.")
TransportError: TransportError(N/A, 'Unable to sniff hosts.')
